# JRE version: Java(TM) SE Runtime Environment (8.0_172-b11) (build 1.8.0_172-b11)
# Java VM: Java HotSpot(TM) 64-Bit Server VM (25.172-b11 mixed mode windows-amd64 compressed oops)
Heap:
 PSYoungGen      total 64000K, used 46788K [0x00000000d6100000, 0x00000000dd200000, 0x0000000100000000)
  eden space 58880K, 71% used [0x00000000d6100000,0x00000000d89e9748,0x00000000d9a80000)
  from space 5120K, 95% used [0x00000000da600000,0x00000000daac7988,0x00000000dab00000)
  to   space 11776K, 0% used [0x00000000d9a80000,0x00000000d9a80000,0x00000000da600000)
 ParOldGen       total 52224K, used 19908K [0x0000000082200000, 0x0000000085500000, 0x00000000d6100000)
  object space 52224K, 38% used [0x0000000082200000,0x00000000835710f8,0x0000000085500000)
 Metaspace       used 40297K, capacity 41022K, committed 41432K, reserved 1085440K
  class space    used 5564K, capacity 5806K, committed 5888K, reserved 1048576K
GC Heap History (10 events):
Event: 4.170 GC heap before
{Heap before GC invocations=8 (full 1):
 PSYoungGen      total 70656K, used 70638K [0x00000000d6100000, 0x00000000dab00000, 0x0000000100000000)
  eden space 65536K, 100% used [0x00000000d6100000,0x00000000da100000,0x00000000da100000)
  from space 5120K, 99% used [0x00000000da600000,0x00000000daafbb30,0x00000000dab00000)
  to   space 5120K, 0% used [0x00000000da100000,0x00000000da100000,0x00000000da600000)
 ParOldGen       total 52224K, used 9284K [0x0000000082200000, 0x0000000085500000, 0x00000000d6100000)
  object space 52224K, 17% used [0x0000000082200000,0x0000000082b11050,0x0000000085500000)
 Metaspace       used 30988K, capacity 31476K, committed 31744K, reserved 1077248K
  class space    used 4311K, capacity 4519K, committed 4608K, reserved 1048576K
Event: 4.191 GC heap after
Heap after GC invocations=8 (full 1):
 PSYoungGen      total 70656K, used 5093K [0x00000000d6100000, 0x00000000dab00000, 0x0000000100000000)
  eden space 65536K, 0% used [0x00000000d6100000,0x00000000d6100000,0x00000000da100000)
  from space 5120K, 99% used [0x00000000da100000,0x00000000da5f9708,0x00000000da600000)
  to   space 5120K, 0% used [0x00000000da600000,0x00000000da600000,0x00000000dab00000)
 ParOldGen       total 52224K, used 12440K [0x0000000082200000, 0x0000000085500000, 0x00000000d6100000)
  object space 52224K, 23% used [0x0000000082200000,0x0000000082e26028,0x0000000085500000)
 Metaspace       used 30988K, capacity 31476K, committed 31744K, reserved 1077248K
  class space    used 4311K, capacity 4519K, committed 4608K, reserved 1048576K
}
Event: 4.681 GC heap before
{Heap before GC invocations=9 (full 1):
 PSYoungGen      total 70656K, used 70629K [0x00000000d6100000, 0x00000000dab00000, 0x0000000100000000)
  eden space 65536K, 100% used [0x00000000d6100000,0x00000000da100000,0x00000000da100000)
  from space 5120K, 99% used [0x00000000da100000,0x00000000da5f9708,0x00000000da600000)
  to   space 5120K, 0% used [0x00000000da600000,0x00000000da600000,0x00000000dab00000)
 ParOldGen       total 52224K, used 12440K [0x0000000082200000, 0x0000000085500000, 0x00000000d6100000)
  object space 52224K, 23% used [0x0000000082200000,0x0000000082e26028,0x0000000085500000)
 Metaspace       used 34335K, capacity 34912K, committed 35200K, reserved 1079296K
  class space    used 4728K, capacity 4932K, committed 4992K, reserved 1048576K
Event: 4.697 GC heap after
Heap after GC invocations=9 (full 1):
 PSYoungGen      total 70656K, used 5103K [0x00000000d6100000, 0x00000000dab00000, 0x0000000100000000)
  eden space 65536K, 0% used [0x00000000d6100000,0x00000000d6100000,0x00000000da100000)
  from space 5120K, 99% used [0x00000000da600000,0x00000000daafbdf8,0x00000000dab00000)
  to   space 5120K, 0% used [0x00000000da100000,0x00000000da100000,0x00000000da600000)
 ParOldGen       total 52224K, used 19122K [0x0000000082200000, 0x0000000085500000, 0x00000000d6100000)
  object space 52224K, 36% used [0x0000000082200000,0x00000000834aca88,0x0000000085500000)
 Metaspace       used 34335K, capacity 34912K, committed 35200K, reserved 1079296K
  class space    used 4728K, capacity 4932K, committed 4992K, reserved 1048576K
}
Event: 4.782 GC heap before
{Heap before GC invocations=10 (full 1):
 PSYoungGen      total 70656K, used 23390K [0x00000000d6100000, 0x00000000dab00000, 0x0000000100000000)
  eden space 65536K, 27% used [0x00000000d6100000,0x00000000d72dbb28,0x00000000da100000)
  from space 5120K, 99% used [0x00000000da600000,0x00000000daafbdf8,0x00000000dab00000)
  to   space 5120K, 0% used [0x00000000da100000,0x00000000da100000,0x00000000da600000)
 ParOldGen       total 52224K, used 19122K [0x0000000082200000, 0x0000000085500000, 0x00000000d6100000)
  object space 52224K, 36% used [0x0000000082200000,0x00000000834aca88,0x0000000085500000)
 Metaspace       used 34619K, capacity 35214K, committed 35416K, reserved 1079296K
  class space    used 4773K, capacity 4970K, committed 4992K, reserved 1048576K
Event: 4.791 GC heap after
Heap after GC invocations=10 (full 1):
 PSYoungGen      total 70656K, used 5119K [0x00000000d6100000, 0x00000000dab00000, 0x0000000100000000)
  eden space 65536K, 0% used [0x00000000d6100000,0x00000000d6100000,0x00000000da100000)
  from space 5120K, 99% used [0x00000000da100000,0x00000000da5ffe08,0x00000000da600000)
  to   space 5120K, 0% used [0x00000000da600000,0x00000000da600000,0x00000000dab00000)
 ParOldGen       total 52224K, used 21139K [0x0000000082200000, 0x0000000085500000, 0x00000000d6100000)
  object space 52224K, 40% used [0x0000000082200000,0x00000000836a4fc0,0x0000000085500000)
 Metaspace       used 34619K, capacity 35214K, committed 35416K, reserved 1079296K
  class space    used 4773K, capacity 4970K, committed 4992K, reserved 1048576K
}
Event: 4.791 GC heap before
{Heap before GC invocations=11 (full 2):
 PSYoungGen      total 70656K, used 5119K [0x00000000d6100000, 0x00000000dab00000, 0x0000000100000000)
  eden space 65536K, 0% used [0x00000000d6100000,0x00000000d6100000,0x00000000da100000)
  from space 5120K, 99% used [0x00000000da100000,0x00000000da5ffe08,0x00000000da600000)
  to   space 5120K, 0% used [0x00000000da600000,0x00000000da600000,0x00000000dab00000)
 ParOldGen       total 52224K, used 21139K [0x0000000082200000, 0x0000000085500000, 0x00000000d6100000)
  object space 52224K, 40% used [0x0000000082200000,0x00000000836a4fc0,0x0000000085500000)
 Metaspace       used 34619K, capacity 35214K, committed 35416K, reserved 1079296K
  class space    used 4773K, capacity 4970K, committed 4992K, reserved 1048576K
Event: 4.851 GC heap after
Heap after GC invocations=11 (full 2):
 PSYoungGen      total 70656K, used 0K [0x00000000d6100000, 0x00000000dab00000, 0x0000000100000000)
  eden space 65536K, 0% used [0x00000000d6100000,0x00000000d6100000,0x00000000da100000)
  from space 5120K, 0% used [0x00000000da100000,0x00000000da100000,0x00000000da600000)
  to   space 5120K, 0% used [0x00000000da600000,0x00000000da600000,0x00000000dab00000)
 ParOldGen       total 52224K, used 19900K [0x0000000082200000, 0x0000000085500000, 0x00000000d6100000)
  object space 52224K, 38% used [0x0000000082200000,0x000000008356f0f8,0x0000000085500000)
 Metaspace       used 34619K, capacity 35214K, committed 35416K, reserved 1079296K
  class space    used 4773K, capacity 4970K, committed 4992K, reserved 1048576K
}
Event: 5.597 GC heap before
{Heap before GC invocations=12 (full 2):
 PSYoungGen      total 70656K, used 65536K [0x00000000d6100000, 0x00000000dab00000, 0x0000000100000000)
  eden space 65536K, 100% used [0x00000000d6100000,0x00000000da100000,0x00000000da100000)
  from space 5120K, 0% used [0x00000000da100000,0x00000000da100000,0x00000000da600000)
  to   space 5120K, 0% used [0x00000000da600000,0x00000000da600000,0x00000000dab00000)
 ParOldGen       total 52224K, used 19900K [0x0000000082200000, 0x0000000085500000, 0x00000000d6100000)
  object space 52224K, 38% used [0x0000000082200000,0x000000008356f0f8,0x0000000085500000)
 Metaspace       used 40068K, capacity 40804K, committed 41176K, reserved 1085440K
  class space    used 5554K, capacity 5803K, committed 5888K, reserved 1048576K
Event: 5.601 GC heap after
Heap after GC invocations=12 (full 2):
 PSYoungGen      total 64000K, used 4894K [0x00000000d6100000, 0x00000000dd200000, 0x0000000100000000)
  eden space 58880K, 0% used [0x00000000d6100000,0x00000000d6100000,0x00000000d9a80000)
  from space 5120K, 95% used [0x00000000da600000,0x00000000daac7988,0x00000000dab00000)
  to   space 11776K, 0% used [0x00000000d9a80000,0x00000000d9a80000,0x00000000da600000)
 ParOldGen       total 52224K, used 19908K [0x0000000082200000, 0x0000000085500000, 0x00000000d6100000)
  object space 52224K, 38% used [0x0000000082200000,0x00000000835710f8,0x0000000085500000)
 Metaspace       used 40068K, capacity 40804K, committed 41176K, reserved 1085440K
  class space    used 5554K, capacity 5803K, committed 5888K, reserved 1048576K
}

